library/build/outputs/logs/manifest-merger-debug-report.txt
-- Merging decision tree log ---
manifest
ADDED from src\main\AndroidManifest.xml:19:1-27:12
INJECTED from src\main\AndroidManifest.xml:19:1-27:12
INJECTED from src\main\AndroidManifest.xml:19:1-27:12
INJECTED from src\main\AndroidManifest.xml:19:1-27:12
INJECTED from src\main\AndroidManifest.xml:19:1-27:12
INJECTED from src\main\AndroidManifest.xml:19:1-27:12
INJECTED from src\main\AndroidManifest.xml:19:1-27:12
	package
		ADDED from src\main\AndroidManifest.xml:20:7-48
		INJECTED from src\main\AndroidManifest.xml
		INJECTED from src\main\AndroidManifest.xml
	android:versionName
		ADDED from src\main\AndroidManifest.xml:22:7-32
		INJECTED from src\main\AndroidManifest.xml
		INJECTED from src\main\AndroidManifest.xml
	xmlns:android
		ADDED from src\main\AndroidManifest.xml:19:11-69
	android:versionCode
		ADDED from src\main\AndroidManifest.xml:21:7-30
		INJECTED from src\main\AndroidManifest.xml
		INJECTED from src\main\AndroidManifest.xml
application
ADDED from src\main\AndroidManifest.xml:24:5-26:19
	android:label
		ADDED from src\main\AndroidManifest.xml:24:18-50
uses-sdk
INJECTED from src\main\AndroidManifest.xml reason: use-sdk injection requested
INJECTED from src\main\AndroidManifest.xml
INJECTED from src\main\AndroidManifest.xml
INJECTED from src\main\AndroidManifest.xml
INJECTED from src\main\AndroidManifest.xml
	android:targetSdkVersion
		INJECTED from src\main\AndroidManifest.xml
		ADDED from src\main\AndroidManifest.xml
		INJECTED from src\main\AndroidManifest.xml
	android:minSdkVersion
		INJECTED from src\main\AndroidManifest.xml
		ADDED from src\main\AndroidManifest.xml
		INJECTED from src\main\AndroidManifest.xml